AppToolsSys/proguard-project.txt
# To enable ProGuard in your project, edit project.properties
# to define the proguard.config property as described in that file.
#
# Add project specific ProGuard rules here.
# By default, the flags in this file are appended to flags specified
# in ${sdk.dir}/tools/proguard/proguard-android.txt
# You can edit the include path and order by changing the ProGuard
# include property in project.properties.
#
# For more details, see
#   http://developer.android.com/guide/developing/tools/proguard.html

# Add any project specific keep options here:

# If your project uses WebView with JS, uncomment the following
# and specify the fully qualified class name to the JavaScript interface
# class:
#-keepclassmembers class fqcn.of.javascript.interface.for.webview {
#   public *;
#}

#######################################################################
-dontusemixedcaseclassnames
-dontskipnonpubliclibraryclasses
-verbose

-printmapping proguard.map 
-renamesourcefileattribute ProGuard
-keepattributes SourceFile,LineNumberTable
-keepattributes Signature
-keepattributes *Annotation*

-dontoptimize
-dontpreverify 
-optimizations !code/simplification/arithmetic,!field/*,!class/merging/*
-ignorewarnings

-dontwarn

#######################################################################
# For native methods, see http://proguard.sourceforge.net/manual/examples.html#native
-keepclasseswithmembernames class * {
    native <methods>;
}

-keep public class * extends android.view.View {
    public <init>(android.content.Context);
    public <init>(android.content.Context, android.util.AttributeSet);
    public <init>(android.content.Context, android.util.AttributeSet, int);
    public void set*(...);
}

-keepclasseswithmembers class * {
    public <init>(android.content.Context, android.util.AttributeSet);
}

-keepclasseswithmembers class * {
    public <init>(android.content.Context, android.util.AttributeSet, int);
}

-keepclassmembers class * extends android.app.Activity {
   public void *(android.view.View);
}

# For enumeration classes, see http://proguard.sourceforge.net/manual/examples.html#enumerations
-keepclassmembers enum * {
    public static **[] values();
    public static ** valueOf(java.lang.String);
}

-keep class * implements android.os.Parcelable {
  public static final android.os.Parcelable$Creator *;
}

-keepclassmembers class **.R$* {
    public static <fields>;
}

###################################################################################
-keep class android.content.**{*;}
-keepattributes *Annotation*
-keep public class * extends android.app.Activity
-keep public class * extends android.app.Application
-keep public class * extends android.app.Service
-keep public class * extends android.content.BroadcastReceiver
-keep public class * extends android.content.ContentProvider
-keep public class * extends android.app.backup.BackupAgent
-keep public class * extends android.preference.Preference
-keep public class * extends android.support.v4.app.Fragment
-keep public class * extends android.app.Fragment
-keep public class com.android.vending.licensing.ILicensingService

-keep class org.videolan.vlc.**{*;}
-keep class org.dom4j.**{*;}
-keep class org.dom4j.swing.**{*;}
-keep class org.dom4j.jaxb.**{*;}
-keep class org.dom4j.io.**{*;}
-keep class org.dom4j.datatype.**{*;}
-keep class org.dom4j.bean.**{*;}
-keep class org.dom4j.xpp.**{*;}
-keep class org.dom4j.dom.**{*;}
-keep class org.dom4j.tree.**{*;}
-keep class org.jaxen.xom.**{*;}
-keep class org.jaxen.jdom.**{*;}
-keep class org.jaxen.**{*;}
-keep class com.srplab.www.starcore.**{*;}
-keep class org.w3c.dom.**{*;}

-keep class javax.swing.tree.**{*;}
-keep class javax.xml.bind.**{*;}
-keep class org.gjt.xpp.**{*;}
-keep class javax.xml.stream.**{*;}
-keep class com.sun.msv.datatype.xsd.**{*;}
-keep class java.beans.**{*;}
-keep class org.apache.commons.net.**{*;}
-keep class android.content.**{*;}
-keep class sun.misc.Unsafe { *; }


-keep class com.google.gson.examples.android.model.** { *; }
-keep class com.google.gson.** { *;}  
-keep class com.google.gson.examples.android.model.** { *; }  

-keepclassmembers class * implements java.io.Serializable {  
    static final long serialVersionUID;  
    private static final java.io.ObjectStreamField[] serialPersistentFields;  
    private void writeObject(java.io.ObjectOutputStream);  
    private void readObject(java.io.ObjectInputStream);  
    java.lang.Object writeReplace();  
    java.lang.Object readResolve();  
}  
##---------------End: proguard configuration for Gson  ----------