AppToolsSys/proguard/seeds.txt
android.hmm.lib.AboutSysActivity
android.hmm.lib.AboutSysActivity: AboutSysActivity()
android.hmm.lib.BaseApplication
android.hmm.lib.BaseApplication: BaseApplication()
android.hmm.lib.ConfigActivity
android.hmm.lib.ConfigActivity: ConfigActivity()
android.hmm.lib.HomeKeyReceiver
android.hmm.lib.R$anim: int popup_enter_menuwobo
android.hmm.lib.R$anim: int popup_exit_menuwobo
android.hmm.lib.R$array: int month_name
android.hmm.lib.R$array: int week_name
android.hmm.lib.R$attr: int btnBackground
android.hmm.lib.R$attr: int tabBackground
android.hmm.lib.R$attr: int target
android.hmm.lib.R$attr: int textColor
android.hmm.lib.R$color: int divider
android.hmm.lib.R$color: int yellow
android.hmm.lib.R$dimen: int activity_horizontal_margin
android.hmm.lib.R$dimen: int activity_vertical_margin
android.hmm.lib.R$dimen: int calendar_border_margin
android.hmm.lib.R$dimen: int current_day_size
android.hmm.lib.R$dimen: int day_size
android.hmm.lib.R$dimen: int day_top_offset
android.hmm.lib.R$dimen: int logo_size
android.hmm.lib.R$dimen: int margin
android.hmm.lib.R$dimen: int weekname_margin
android.hmm.lib.R$dimen: int weekname_size
android.hmm.lib.R$drawable: int framework_tree_cut
android.hmm.lib.R$drawable: int framework_tree_plus
android.hmm.lib.R$drawable: int ic_launcher
android.hmm.lib.R$id: int action_settings
android.hmm.lib.R$menu: int main
android.hmm.lib.R$string: int aboutsys_battery
android.hmm.lib.R$string: int aboutsys_brand
android.hmm.lib.R$string: int aboutsys_cpu
android.hmm.lib.R$string: int aboutsys_device
android.hmm.lib.R$string: int aboutsys_location
android.hmm.lib.R$string: int aboutsys_manufacturer
android.hmm.lib.R$string: int aboutsys_modle
android.hmm.lib.R$string: int aboutsys_opentime
android.hmm.lib.R$string: int aboutsys_release
android.hmm.lib.R$string: int aboutsys_runcount
android.hmm.lib.R$string: int aboutsys_runtime
android.hmm.lib.R$string: int aboutsys_sdk
android.hmm.lib.R$string: int aboutsys_serial
android.hmm.lib.R$string: int aboutsys_sim_deviceid
android.hmm.lib.R$string: int aboutsys_sim_devicesoftwareversion
android.hmm.lib.R$string: int aboutsys_sim_hasicccard
android.hmm.lib.R$string: int aboutsys_sim_line1number
android.hmm.lib.R$string: int aboutsys_sim_networkcountryiso
android.hmm.lib.R$string: int aboutsys_sim_networkoperator
android.hmm.lib.R$string: int aboutsys_sim_networkoperatorname
android.hmm.lib.R$string: int aboutsys_sim_networkroaming
android.hmm.lib.R$string: int aboutsys_sim_networktype
android.hmm.lib.R$string: int aboutsys_sim_phonetype
android.hmm.lib.R$string: int aboutsys_sim_simcountryiso
android.hmm.lib.R$string: int aboutsys_sim_simoperator
android.hmm.lib.R$string: int aboutsys_sim_simoperatorname
android.hmm.lib.R$string: int aboutsys_sim_simserialnumber
android.hmm.lib.R$string: int aboutsys_sim_simstate
android.hmm.lib.R$style: int AppBaseTheme
android.hmm.lib.R$style: int CustomToast
android.hmm.lib.R$style: int DialogStyle
android.hmm.lib.R$style: int MenuStyle
android.hmm.lib.R$style: int MenuWoboPopupAnimation
android.hmm.lib.R$styleable: int[] KeyboardView
android.hmm.lib.R$styleable: int KeyboardView_btnBackground
android.hmm.lib.R$styleable: int KeyboardView_tabBackground
android.hmm.lib.R$styleable: int KeyboardView_target
android.hmm.lib.R$styleable: int KeyboardView_textColor
android.hmm.lib.SettingActivity
android.hmm.lib.SimpleActivity
android.hmm.lib.receiver.BatteryReceiverControl$BatteryBroadcastReceiver
android.hmm.lib.tree.DemoTreeActivity
android.hmm.lib.tree.DemoTreeActivity: void onClick(android.view.View)
android.support.v4.app.BackStackState
android.support.v4.app.BackStackState: android.os.Parcelable$Creator CREATOR
android.support.v4.app.DialogFragment
android.support.v4.app.Fragment$SavedState
android.support.v4.app.Fragment$SavedState: android.os.Parcelable$Creator CREATOR
android.support.v4.app.FragmentActivity