AppToolsSys/proguard/mapping.txt
android.support.v4.widget.ScrollerCompat$ScrollerCompatImplBase -> android.support.v4.widget.m:
    58:58:java.lang.Object createScroller(android.content.Context,android.view.animation.Interpolator) -> a
    64:64:boolean isFinished(java.lang.Object) -> a
    69:69:int getCurrX(java.lang.Object) -> b
    74:74:int getCurrY(java.lang.Object) -> c
    84:84:boolean computeScrollOffset(java.lang.Object) -> d
    95:96:void startScroll(java.lang.Object,int,int,int,int,int) -> a
    112:113:void abortAnimation(java.lang.Object) -> e
    134:134:int getFinalX(java.lang.Object) -> f
    139:139:int getFinalY(java.lang.Object) -> g
android.support.v4.widget.ScrollerCompat$ScrollerCompatImplGingerbread -> android.support.v4.widget.n:
    146:146:java.lang.Object createScroller(android.content.Context,android.view.animation.Interpolator) -> a
    151:151:boolean isFinished(java.lang.Object) -> a
    156:156:int getCurrX(java.lang.Object) -> b
    161:161:int getCurrY(java.lang.Object) -> c
    171:171:boolean computeScrollOffset(java.lang.Object) -> d
    182:183:void startScroll(java.lang.Object,int,int,int,int,int) -> a
    201:202:void abortAnimation(java.lang.Object) -> e
    222:222:int getFinalX(java.lang.Object) -> f
    227:227:int getFinalY(java.lang.Object) -> g
android.support.v4.widget.ScrollerCompat$ScrollerCompatImplIcs -> android.support.v4.widget.o:
android.support.v4.widget.ScrollerCompatGingerbread -> android.support.v4.widget.p:
    26:26:java.lang.Object createScroller(android.content.Context,android.view.animation.Interpolator) -> a
    31:31:boolean isFinished(java.lang.Object) -> a
    35:35:int getCurrX(java.lang.Object) -> b
    39:39:int getCurrY(java.lang.Object) -> c
    43:43:boolean computeScrollOffset(java.lang.Object) -> d
    52:53:void startScroll(java.lang.Object,int,int,int,int,int) -> a
    67:68:void abortAnimation(java.lang.Object) -> e
    84:84:int getFinalX(java.lang.Object) -> f
    88:88:int getFinalY(java.lang.Object) -> g
android.support.v4.widget.SearchViewCompatIcs -> android.support.v4.widget.SearchViewCompatIcs:
android.support.v4.widget.SearchViewCompatIcs$MySearchView -> android.support.v4.widget.SearchViewCompatIcs$MySearchView:
    37:39:void onActionViewCollapsed() -> onActionViewCollapsed
android.support.v4.widget.SlidingPaneLayout -> android.support.v4.widget.SlidingPaneLayout:
    int mSliderFadeColor -> b
    int mCoveredFadeColor -> c
    android.graphics.drawable.Drawable mShadowDrawable -> d
    int mOverhangSize -> e
    boolean mCanSlide -> f
    android.view.View mSlideableView -> g
    float mSlideOffset -> h
    float mParallaxOffset -> i
    int mSlideRange -> j
    boolean mIsUnableToDrag -> k
    int mParallaxBy -> l
    float mInitialMotionX -> m
    float mInitialMotionY -> n
    android.support.v4.widget.SlidingPaneLayout$PanelSlideListener mPanelSlideListener -> o
    android.support.v4.widget.ViewDragHelper mDragHelper -> p
    boolean mPreservedOpenState -> q
    boolean mFirstLayout -> r
    android.graphics.Rect mTmpRect -> s
    java.util.ArrayList mPostedRunnables -> t
    android.support.v4.widget.SlidingPaneLayout$SlidingPanelLayoutImpl IMPL -> a
    277:279:void setParallaxDistance(int) -> setParallaxDistance
    296:297:void setSliderFadeColor(int) -> setSliderFadeColor
    313:314:void setCoveredFadeColor(int) -> setCoveredFadeColor
    324:325:void setPanelSlideListener(android.support.v4.widget.SlidingPaneLayout$PanelSlideListener) -> setPanelSlideListener
    328:331:void dispatchOnPanelSlide(android.view.View) -> a
    334:338:void dispatchOnPanelOpened(android.view.View) -> b
    341:345:void dispatchOnPanelClosed(android.view.View) -> c
android.support.v4.widget.SlidingPaneLayout$1 -> android.support.v4.widget.q: