AppToolsSys/proguard/usage.txt
android.support.v4.view.VelocityTrackerCompat:
    25:51:public VelocityTrackerCompat()
android.support.v4.view.VelocityTrackerCompatHoneycomb:
    24:24:VelocityTrackerCompatHoneycomb()
android.support.v4.view.ViewCompat:
    public static final int OVER_SCROLL_ALWAYS
    public static final int OVER_SCROLL_IF_CONTENT_SCROLLS
    public static final int OVER_SCROLL_NEVER
    private static final long FAKE_FRAME_TIME
    public static final int IMPORTANT_FOR_ACCESSIBILITY_AUTO
    public static final int IMPORTANT_FOR_ACCESSIBILITY_YES
    public static final int IMPORTANT_FOR_ACCESSIBILITY_NO
    public static final int LAYER_TYPE_NONE
    public static final int LAYER_TYPE_SOFTWARE
    public static final int LAYER_TYPE_HARDWARE
    public static final int LAYOUT_DIRECTION_LTR
    public static final int LAYOUT_DIRECTION_RTL
    public static final int LAYOUT_DIRECTION_INHERIT
    public static final int LAYOUT_DIRECTION_LOCALE
    34:397:public ViewCompat()
    462:462:public static boolean canScrollVertically(android.view.View,int)
    491:492:public static void setOverScrollMode(android.view.View,int)
    528:529:public static void onPopulateAccessibilityEvent(android.view.View,android.view.accessibility.AccessibilityEvent)
    561:562:public static void onInitializeAccessibilityEvent(android.view.View,android.view.accessibility.AccessibilityEvent)
    597:598:public static void onInitializeAccessibilityNodeInfo(android.view.View,android.support.v4.view.accessibility.AccessibilityNodeInfoCompat)
    624:624:public static boolean hasTransientState(android.view.View)
android.support.v4.view.ViewCompat$BaseViewCompatImpl:
    175:175:public boolean canScrollVertically(android.view.View,int)
    182:182:public void setOverScrollMode(android.view.View,int)
    188:188:public void onPopulateAccessibilityEvent(android.view.View,android.view.accessibility.AccessibilityEvent)
    191:191:public void onInitializeAccessibilityEvent(android.view.View,android.view.accessibility.AccessibilityEvent)
    194:194:public void onInitializeAccessibilityNodeInfo(android.view.View,android.support.v4.view.accessibility.AccessibilityNodeInfoCompat)
    197:197:public boolean hasTransientState(android.view.View)
    201:201:public void setHasTransientState(android.view.View,boolean)
    212:213:public void postOnAnimationDelayed(android.view.View,java.lang.Runnable,long)
    224:224:public boolean performAccessibilityAction(android.view.View,int,android.os.Bundle)
    227:227:public android.support.v4.view.accessibility.AccessibilityNodeProviderCompat getAccessibilityNodeProvider(android.view.View)
    230:230:public float getAlpha(android.view.View)
    239:239:public int getLabelFor(android.view.View)
    243:243:public void setLabelFor(android.view.View,int)
    256:256:public void setLayoutDirection(android.view.View,int)
android.support.v4.view.ViewCompat$GBViewCompatImpl:
    287:288:public void setOverScrollMode(android.view.View,int)
android.support.v4.view.ViewCompat$HCViewCompatImpl:
    298:298:public float getAlpha(android.view.View)
android.support.v4.view.ViewCompat$ICSViewCompatImpl:
    325:325:public boolean canScrollVertically(android.view.View,int)
    329:330:public void onPopulateAccessibilityEvent(android.view.View,android.view.accessibility.AccessibilityEvent)
    333:334:public void onInitializeAccessibilityEvent(android.view.View,android.view.accessibility.AccessibilityEvent)
    337:338:public void onInitializeAccessibilityNodeInfo(android.view.View,android.support.v4.view.accessibility.AccessibilityNodeInfoCompat)